<html>
<body>
<pre>
<h1>Vision Build Log</h1>
<h2>Project:</h2>
F:\测试代码\uv4\GTX TX-1C\课时作业\lesson3\lesson3.uvproj
Project File Date:  04/21/2017

<h2>Output:</h2>
Build target 'Target 1'
assembling STARTUP.A51...
linking...
*** WARNING L1: UNRESOLVED EXTERNAL SYMBOL
    SYMBOL:  ?C_START
    MODULE:  STARTUP.obj (?C_STARTUP)
*** WARNING L2: REFERENCE MADE TO UNRESOLVED EXTERNAL
    SYMBOL:  ?C_START
    MODULE:  STARTUP.obj (?C_STARTUP)
    ADDRESS: 000DH
Program Size: data=9.0 xdata=0 code=15
"lesson3" - 0 Error(s), 2 Warning(s).
Build target 'Target 1'
assembling STARTUP.A51...
compiling 3.2.c...
linking...
Program Size: data=27.0 xdata=0 code=255
"lesson3" - 0 Error(s), 0 Warning(s).
compiling 3.2.c...
3.2.c - 0 Error(s), 0 Warning(s).
Build target 'Target 1'
assembling STARTUP.A51...
compiling 3.2.c...
linking...
Program Size: data=27.0 xdata=0 code=255
"lesson3" - 0 Error(s), 0 Warning(s).
Build target 'Target 1'
linking...
Program Size: data=27.0 xdata=0 code=255
"lesson3" - 0 Error(s), 0 Warning(s).
Build target 'Target 1'
linking...
Program Size: data=27.0 xdata=0 code=255
"lesson3" - 0 Error(s), 0 Warning(s).
Build target 'Target 1'
linking...
Program Size: data=27.0 xdata=0 code=255
"lesson3" - 0 Error(s), 0 Warning(s).
Build target 'Target 1'
linking...
Program Size: data=27.0 xdata=0 code=255
"lesson3" - 0 Error(s), 0 Warning(s).
Build target 'Target 1'
assembling STARTUP.A51...
compiling 3.2.c...
linking...
Program Size: data=27.0 xdata=0 code=255
"lesson3" - 0 Error(s), 0 Warning(s).
Build target 'Target 1'
assembling STARTUP.A51...
compiling 3.2.c...
linking...
Program Size: data=27.0 xdata=0 code=255
"lesson3" - 0 Error(s), 0 Warning(s).
Build target 'Target 1'
assembling STARTUP.A51...
compiling 3.2.c...
linking...
Program Size: data=27.0 xdata=0 code=255
"lesson3" - 0 Error(s), 0 Warning(s).
Build target 'Target 1'
assembling STARTUP.A51...
compiling 3.2.c...
linking...
Program Size: data=27.0 xdata=0 code=255
"lesson3" - 0 Error(s), 0 Warning(s).
Build target 'Target 1'
assembling STARTUP.A51...
compiling 3.3.c...
linking...
Program Size: data=14.0 xdata=0 code=856
"lesson3" - 0 Error(s), 0 Warning(s).
Build target 'Target 1'
assembling STARTUP.A51...
compiling 3.3.c...
linking...
Program Size: data=14.0 xdata=0 code=856
creating hex file from "lesson3"...
"lesson3" - 0 Error(s), 0 Warning(s).
Build target 'Target 1'
assembling STARTUP.A51...
compiling 3.4.c...
3.4.C(15): error C202: 'ER0': undefined identifier
Target not created
Build target 'Target 1'
assembling STARTUP.A51...
compiling 3.4.c...
linking...
Program Size: data=10.0 xdata=0 code=74
creating hex file from "lesson3"...
"lesson3" - 0 Error(s), 0 Warning(s).
Build target 'Target 1'
assembling STARTUP.A51...
compiling 3.4.c...
linking...
Program Size: data=10.0 xdata=0 code=74
creating hex file from "lesson3"...
"lesson3" - 0 Error(s), 0 Warning(s).
Build target 'Target 1'
assembling STARTUP.A51...
compiling 3.4.c...
3.4.C(9): error C141: syntax error near 'unsigned'
3.4.C(9): error C279: 'tabwe': multiple initialization
3.4.C(9): error C231: 'tabwe': redefinition
3.4.C(13): error C231: 'tabwe': redefinition
3.4.C(33): error C202: 'tt': undefined identifier
3.4.C(34): error C202: 'tt': undefined identifier
3.4.C(36): error C202: 'tt': undefined identifier
3.4.C(39): error C202: 'i': undefined identifier
3.4.C(40): error C202: 'i': undefined identifier
3.4.C(41): error C202: 'i': undefined identifier
3.4.C(41): error C202: 'i': undefined identifier
3.4.C(44): error C202: 'tabdu': undefined identifier
Target not created
Build target 'Target 1'
assembling STARTUP.A51...
compiling 3.4.c...
3.4.C(9): error C141: syntax error near 'unsigned'
3.4.C(9): error C279: 'tabwe': multiple initialization
3.4.C(9): error C231: 'tabwe': redefinition
3.4.C(13): error C231: 'tabwe': redefinition
3.4.C(44): error C202: 'tabdu': undefined identifier
Target not created
Build target 'Target 1'
assembling STARTUP.A51...
compiling 3.4.c...
3.4.C(9): error C141: syntax error near 'unsigned'
Target not created
Build target 'Target 1'
assembling STARTUP.A51...
compiling 3.4.c...
linking...
Program Size: data=18.0 xdata=0 code=272
creating hex file from "lesson3"...
"lesson3" - 0 Error(s), 0 Warning(s).
